android/.release-build-v8/_capacitor-camera/outputs/logs/manifest-merger-release-report.txt
-- Merging decision tree log ---
manifest
ADDED from src\main\AndroidManifest.xml:1:1-13:12
INJECTED from src\main\AndroidManifest.xml:1:1-13:12
	package
		INJECTED from src\main\AndroidManifest.xml
	xmlns:android
		ADDED from src\main\AndroidManifest.xml:1:11-69
queries
ADDED from src\main\AndroidManifest.xml:2:5-12:15
intent#action:name:android.media.action.IMAGE_CAPTURE
ADDED from src\main\AndroidManifest.xml:3:9-5:18
action#android.media.action.IMAGE_CAPTURE
ADDED from src\main\AndroidManifest.xml:4:13-73
	android:name
		ADDED from src\main\AndroidManifest.xml:4:21-70
intent#action:name:android.intent.action.GET_CONTENT
ADDED from src\main\AndroidManifest.xml:6:9-8:18
action#android.intent.action.GET_CONTENT
ADDED from src\main\AndroidManifest.xml:7:13-72
	android:name
		ADDED from src\main\AndroidManifest.xml:7:21-69
intent#action:name:android.intent.action.PICK
ADDED from src\main\AndroidManifest.xml:9:9-11:18
action#android.intent.action.PICK
ADDED from src\main\AndroidManifest.xml:10:13-65
	android:name
		ADDED from src\main\AndroidManifest.xml:10:21-62
uses-sdk
INJECTED from src\main\AndroidManifest.xml reason: use-sdk injection requested
INJECTED from src\main\AndroidManifest.xml
INJECTED from src\main\AndroidManifest.xml
	android:targetSdkVersion
		INJECTED from src\main\AndroidManifest.xml
	android:minSdkVersion
		INJECTED from src\main\AndroidManifest.xml